Traceback (most recent call last):
  File "./CenterlineFromVideo.py", line 15, in <module>
    import skimage.morphology
  File "/usr/licensed/anaconda3/2018.12/lib/python3.7/site-packages/skimage/__init__.py", line 167, in <module>
    from .util.dtype import (img_as_float32,
  File "/usr/licensed/anaconda3/2018.12/lib/python3.7/site-packages/skimage/util/__init__.py", line 12, in <module>
    from ._montage import montage, montage2d
  File "/usr/licensed/anaconda3/2018.12/lib/python3.7/site-packages/skimage/util/_montage.py", line 2, in <module>
    from .. import exposure
  File "/usr/licensed/anaconda3/2018.12/lib/python3.7/site-packages/skimage/exposure/__init__.py", line 1, in <module>
    from .exposure import histogram, equalize_hist, \
  File "/usr/licensed/anaconda3/2018.12/lib/python3.7/site-packages/skimage/exposure/exposure.py", line 4, in <module>
    from ..color import rgb2gray
  File "/usr/licensed/anaconda3/2018.12/lib/python3.7/site-packages/skimage/color/__init__.py", line 1, in <module>
    from .colorconv import (convert_colorspace,
  File "/usr/licensed/anaconda3/2018.12/lib/python3.7/site-packages/skimage/color/colorconv.py", line 369, in <module>
    rgb_from_xyz = linalg.inv(xyz_from_rgb)
  File "/usr/licensed/anaconda3/2018.12/lib/python3.7/site-packages/scipy/linalg/basic.py", line 946, in inv
    a1 = _asarray_validated(a, check_finite=check_finite)
  File "/usr/licensed/anaconda3/2018.12/lib/python3.7/site-packages/scipy/_lib/_util.py", line 228, in _asarray_validated
    import scipy.sparse
  File "/usr/licensed/anaconda3/2018.12/lib/python3.7/site-packages/scipy/sparse/__init__.py", line 229, in <module>
    from .csr import *
  File "/usr/licensed/anaconda3/2018.12/lib/python3.7/site-packages/scipy/sparse/csr.py", line 15, in <module>
    from ._sparsetools import csr_tocsc, csr_tobsr, csr_count_blocks, \
ImportError: /lib64/libstdc++.so.6: version `CXXABI_1.3.9' not found (required by /usr/licensed/anaconda3/2018.12/lib/python3.7/site-packages/scipy/sparse/_sparsetools.cpython-37m-x86_64-linux-gnu.so)
